C:\Program Files\Microsoft Visual Studio\2022\Community\MSBuild\Microsoft\VC\v170\Microsoft.CppBuild.targets(531,5): warning MSB8028: El directorio intermedio (Debug\) contiene archivos compartidos de otro proyecto (Practica9.vcxproj, Proyecto.vcxproj). Esto puede dar lugar a un comportamiento incorrecto de limpieza y recompilación.
  ProyectoFinal.cpp
C:\Users\alons\Documents\PrácticasLb.CG\ProyectoTeoCGIHC\ProyectoTeoCGIHC\Window.h(12,36): warning C4244: 'return': conversión de 'GLint' a 'GLfloat'; posible pérdida de datos
  (compilando archivo de origen "ProyectoFinal.cpp")
  
C:\Users\alons\Documents\PrácticasLb.CG\ProyectoTeoCGIHC\ProyectoTeoCGIHC\Window.h(13,37): warning C4244: 'return': conversión de 'GLint' a 'GLfloat'; posible pérdida de datos
  (compilando archivo de origen "ProyectoFinal.cpp")
  
C:\Users\alons\Documents\PrácticasLb.CG\ProyectoTeoCGIHC\ProyectoTeoCGIHC\ProyectoFinal.cpp(677,15): warning C4244: 'inicializando': conversión de 'double' a 'GLfloat'; posible pérdida de datos
C:\Users\alons\Documents\PrácticasLb.CG\ProyectoTeoCGIHC\ProyectoTeoCGIHC\ProyectoFinal.cpp(679,33): warning C4244: '+=': conversión de 'double' a 'GLfloat'; posible pérdida de datos
C:\Users\alons\Documents\PrácticasLb.CG\ProyectoTeoCGIHC\ProyectoTeoCGIHC\ProyectoFinal.cpp(986,40): warning C4805: '==': combinación no segura del tipo 'GLboolean' y el tipo 'bool' en la operación
C:\Users\alons\Documents\PrácticasLb.CG\ProyectoTeoCGIHC\ProyectoTeoCGIHC\ProyectoFinal.cpp(1001,13): warning C4101: 'nuevaPosicionPersonaje': variable local sin referencia
C:\Users\alons\Documents\PrácticasLb.CG\ProyectoTeoCGIHC\ProyectoTeoCGIHC\ProyectoFinal.cpp(1000,13): warning C4101: 'posicionPersonaje': variable local sin referencia
  Window.cpp
C:\Users\alons\Documents\PrácticasLb.CG\ProyectoTeoCGIHC\ProyectoTeoCGIHC\Window.h(12,36): warning C4244: 'return': conversión de 'GLint' a 'GLfloat'; posible pérdida de datos
  (compilando archivo de origen "Window.cpp")
  
C:\Users\alons\Documents\PrácticasLb.CG\ProyectoTeoCGIHC\ProyectoTeoCGIHC\Window.h(13,37): warning C4244: 'return': conversión de 'GLint' a 'GLfloat'; posible pérdida de datos
  (compilando archivo de origen "Window.cpp")
  
C:\Users\alons\Documents\PrácticasLb.CG\ProyectoTeoCGIHC\ProyectoTeoCGIHC\Window.cpp(197,22): warning C4244: '=': conversión de 'double' a 'GLfloat'; posible pérdida de datos
C:\Users\alons\Documents\PrácticasLb.CG\ProyectoTeoCGIHC\ProyectoTeoCGIHC\Window.cpp(198,22): warning C4244: '=': conversión de 'double' a 'GLfloat'; posible pérdida de datos
C:\Users\alons\Documents\PrácticasLb.CG\ProyectoTeoCGIHC\ProyectoTeoCGIHC\Window.cpp(202,28): warning C4244: '=': conversión de 'double' a 'GLfloat'; posible pérdida de datos
C:\Users\alons\Documents\PrácticasLb.CG\ProyectoTeoCGIHC\ProyectoTeoCGIHC\Window.cpp(203,40): warning C4244: '=': conversión de 'double' a 'GLfloat'; posible pérdida de datos
C:\Users\alons\Documents\PrácticasLb.CG\ProyectoTeoCGIHC\ProyectoTeoCGIHC\Window.cpp(205,21): warning C4244: '=': conversión de 'double' a 'GLfloat'; posible pérdida de datos
C:\Users\alons\Documents\PrácticasLb.CG\ProyectoTeoCGIHC\ProyectoTeoCGIHC\Window.cpp(206,21): warning C4244: '=': conversión de 'double' a 'GLfloat'; posible pérdida de datos
  Generando código...
C:\Users\alons\Documents\PrácticasLb.CG\ProyectoTeoCGIHC\ProyectoTeoCGIHC\Window.cpp(80,1): warning C4715: 'Window::Initialise': no todas las rutas de acceso de control devuelven un valor
  ProyectoTeoCGIHC.vcxproj -> C:\Users\alons\Documents\PrácticasLb.CG\ProyectoTeoCGIHC\Debug\ProyectoTeoCGIHC.exe
